Build started 06-Feb-15 1:08:45 AM.
     1>Project "C:\Users\Shreyansh\SkyDrive\USC\Spring 2015\EE 669\Homeworks\Hw 1\EE669_HW_1_ShreyanshDaga\EE669_HW_1_ShreyanshDaga\EE669_HW_1_ShreyanshDaga.vcxproj" on node 2 (Build target(s)).
     1>ClCompile:
         C:\Program Files (x86)\Microsoft Visual Studio 12.0\VC\bin\CL.exe /c /ZI /nologo /W3 /WX- /Od /Oy- /D WIN32 /D _DEBUG /D _CONSOLE /D _LIB /D _UNICODE /D UNICODE /Gm /EHsc /RTC1 /MDd /GS /fp:precise /Zc:wchar_t /Zc:forScope /Fo"Debug\\" /Fd"Debug\vc120.pdb" /Gd /TP /analyze- /errorReport:prompt FileStatistics.cpp HuffmanEnc.cpp HW_1.cpp Problem_2.cpp Problem_3.cpp ShannonFanoEnc.cpp Symbol.cpp SymbolTable.cpp Tree.cpp
         Tree.cpp
         SymbolTable.cpp
         Symbol.cpp
         ShannonFanoEnc.cpp
     1>c:\users\shreyansh\skydrive\usc\spring 2015\ee 669\homeworks\hw 1\ee669_hw_1_shreyanshdaga\ee669_hw_1_shreyanshdaga\shannonfanoenc.cpp(106): warning C4996: 'fopen': This function or variable may be unsafe. Consider using fopen_s instead. To disable deprecation, use _CRT_SECURE_NO_WARNINGS. See online help for details.
                 c:\program files (x86)\microsoft visual studio 12.0\vc\include\stdio.h(211) : see declaration of 'fopen'
     1>c:\users\shreyansh\skydrive\usc\spring 2015\ee 669\homeworks\hw 1\ee669_hw_1_shreyanshdaga\ee669_hw_1_shreyanshdaga\shannonfanoenc.cpp(127): warning C4996: 'fopen': This function or variable may be unsafe. Consider using fopen_s instead. To disable deprecation, use _CRT_SECURE_NO_WARNINGS. See online help for details.
                 c:\program files (x86)\microsoft visual studio 12.0\vc\include\stdio.h(211) : see declaration of 'fopen'
     1>c:\users\shreyansh\skydrive\usc\spring 2015\ee 669\homeworks\hw 1\ee669_hw_1_shreyanshdaga\ee669_hw_1_shreyanshdaga\shannonfanoenc.cpp(128): warning C4996: 'fopen': This function or variable may be unsafe. Consider using fopen_s instead. To disable deprecation, use _CRT_SECURE_NO_WARNINGS. See online help for details.
                 c:\program files (x86)\microsoft visual studio 12.0\vc\include\stdio.h(211) : see declaration of 'fopen'
         Problem_3.cpp
         Problem_2.cpp
         HW_1.cpp
         HuffmanEnc.cpp
     1>c:\users\shreyansh\skydrive\usc\spring 2015\ee 669\homeworks\hw 1\ee669_hw_1_shreyanshdaga\ee669_hw_1_shreyanshdaga\huffmanenc.cpp(185): warning C4996: 'fopen': This function or variable may be unsafe. Consider using fopen_s instead. To disable deprecation, use _CRT_SECURE_NO_WARNINGS. See online help for details.
                 c:\program files (x86)\microsoft visual studio 12.0\vc\include\stdio.h(211) : see declaration of 'fopen'
     1>c:\users\shreyansh\skydrive\usc\spring 2015\ee 669\homeworks\hw 1\ee669_hw_1_shreyanshdaga\ee669_hw_1_shreyanshdaga\huffmanenc.cpp(206): warning C4996: 'fopen': This function or variable may be unsafe. Consider using fopen_s instead. To disable deprecation, use _CRT_SECURE_NO_WARNINGS. See online help for details.
                 c:\program files (x86)\microsoft visual studio 12.0\vc\include\stdio.h(211) : see declaration of 'fopen'
     1>c:\users\shreyansh\skydrive\usc\spring 2015\ee 669\homeworks\hw 1\ee669_hw_1_shreyanshdaga\ee669_hw_1_shreyanshdaga\huffmanenc.cpp(207): warning C4996: 'fopen': This function or variable may be unsafe. Consider using fopen_s instead. To disable deprecation, use _CRT_SECURE_NO_WARNINGS. See online help for details.
                 c:\program files (x86)\microsoft visual studio 12.0\vc\include\stdio.h(211) : see declaration of 'fopen'
         FileStatistics.cpp
     1>c:\users\shreyansh\skydrive\usc\spring 2015\ee 669\homeworks\hw 1\ee669_hw_1_shreyanshdaga\ee669_hw_1_shreyanshdaga\filestatistics.cpp(6): warning C4996: 'strcpy': This function or variable may be unsafe. Consider using strcpy_s instead. To disable deprecation, use _CRT_SECURE_NO_WARNINGS. See online help for details.
                 c:\program files (x86)\microsoft visual studio 12.0\vc\include\string.h(112) : see declaration of 'strcpy'
     1>c:\users\shreyansh\skydrive\usc\spring 2015\ee 669\homeworks\hw 1\ee669_hw_1_shreyanshdaga\ee669_hw_1_shreyanshdaga\filestatistics.cpp(19): warning C4996: 'strcpy': This function or variable may be unsafe. Consider using strcpy_s instead. To disable deprecation, use _CRT_SECURE_NO_WARNINGS. See online help for details.
                 c:\program files (x86)\microsoft visual studio 12.0\vc\include\string.h(112) : see declaration of 'strcpy'
     1>c:\users\shreyansh\skydrive\usc\spring 2015\ee 669\homeworks\hw 1\ee669_hw_1_shreyanshdaga\ee669_hw_1_shreyanshdaga\filestatistics.cpp(30): warning C4996: 'fopen': This function or variable may be unsafe. Consider using fopen_s instead. To disable deprecation, use _CRT_SECURE_NO_WARNINGS. See online help for details.
                 c:\program files (x86)\microsoft visual studio 12.0\vc\include\stdio.h(211) : see declaration of 'fopen'
     1>c:\users\shreyansh\skydrive\usc\spring 2015\ee 669\homeworks\hw 1\ee669_hw_1_shreyanshdaga\ee669_hw_1_shreyanshdaga\filestatistics.cpp(83): warning C4996: 'fopen': This function or variable may be unsafe. Consider using fopen_s instead. To disable deprecation, use _CRT_SECURE_NO_WARNINGS. See online help for details.
                 c:\program files (x86)\microsoft visual studio 12.0\vc\include\stdio.h(211) : see declaration of 'fopen'
         Generating Code...
       Link:
         C:\Program Files (x86)\Microsoft Visual Studio 12.0\VC\bin\link.exe /ERRORREPORT:PROMPT /OUT:"C:\Users\Shreyansh\SkyDrive\USC\Spring 2015\EE 669\Homeworks\Hw 1\EE669_HW_1_ShreyanshDaga\Debug\EE669_HW_1_ShreyanshDaga.exe" /INCREMENTAL /NOLOGO kernel32.lib user32.lib gdi32.lib winspool.lib comdlg32.lib advapi32.lib shell32.lib ole32.lib oleaut32.lib uuid.lib odbc32.lib odbccp32.lib /MANIFEST /MANIFESTUAC:"level='asInvoker' uiAccess='false'" /manifest:embed /DEBUG /PDB:"C:\Users\Shreyansh\SkyDrive\USC\Spring 2015\EE 669\Homeworks\Hw 1\EE669_HW_1_ShreyanshDaga\Debug\EE669_HW_1_ShreyanshDaga.pdb" /SUBSYSTEM:CONSOLE /TLBID:1 /DYNAMICBASE /NXCOMPAT /IMPLIB:"C:\Users\Shreyansh\SkyDrive\USC\Spring 2015\EE 669\Homeworks\Hw 1\EE669_HW_1_ShreyanshDaga\Debug\EE669_HW_1_ShreyanshDaga.lib" /MACHINE:X86 Debug\FileStatistics.obj
         Debug\HuffmanEnc.obj
         Debug\HW_1.obj
         Debug\Problem_2.obj
         Debug\Problem_3.obj
         Debug\ShannonFanoEnc.obj
         Debug\Symbol.obj
         Debug\SymbolTable.obj
         Debug\Tree.obj
         EE669_HW_1_ShreyanshDaga.vcxproj -> C:\Users\Shreyansh\SkyDrive\USC\Spring 2015\EE 669\Homeworks\Hw 1\EE669_HW_1_ShreyanshDaga\Debug\EE669_HW_1_ShreyanshDaga.exe
     1>Done Building Project "C:\Users\Shreyansh\SkyDrive\USC\Spring 2015\EE 669\Homeworks\Hw 1\EE669_HW_1_ShreyanshDaga\EE669_HW_1_ShreyanshDaga\EE669_HW_1_ShreyanshDaga.vcxproj" (Build target(s)).

Build succeeded.

Time Elapsed 00:00:15.60
